[debug] [2019-02-12T03:56:29.576Z] ----------------------------------------------------------------------
[debug] [2019-02-12T03:56:29.580Z] Command:       C:\Program Files\nodejs\node.exe C:\Users\user\AppData\Roaming\npm\node_modules\firebase-tools\lib\bin\firebase.js init
[debug] [2019-02-12T03:56:29.581Z] CLI Version:   6.3.1
[debug] [2019-02-12T03:56:29.581Z] Platform:      win32
[debug] [2019-02-12T03:56:29.581Z] Node Version:  v10.13.0
[debug] [2019-02-12T03:56:29.582Z] Time:          Tue Feb 12 2019 04:56:29 GMT+0100 (West Africa Standard Time)
[debug] [2019-02-12T03:56:29.582Z] ----------------------------------------------------------------------
[debug] 
[debug] [2019-02-12T03:56:29.596Z] > command requires scopes: ["email","openid","https://www.googleapis.com/auth/cloudplatformprojects.readonly","https://www.googleapis.com/auth/firebase","https://www.googleapis.com/auth/cloud-platform"]
[debug] [2019-02-12T03:56:29.596Z] > authorizing via signed-in user
[info] 
     ######## #### ########  ######## ########     ###     ######  ########
     ##        ##  ##     ## ##       ##     ##  ##   ##  ##       ##
     ######    ##  ########  ######   ########  #########  ######  ######
     ##        ##  ##    ##  ##       ##     ## ##     ##       ## ##
     ##       #### ##     ## ######## ########  ##     ##  ######  ########

You're about to initialize a Firebase project in this directory:

  C:\Users\user\Desktop\HUB\naira-converter

[info] 
=== Project Setup
[info] 
[info] First, let's associate this project directory with a Firebase project.
[info] You can create multiple project aliases by running firebase use --add, 
[info] but for now we'll just set up a default project.
[info] 
[debug] [2019-02-12T03:56:33.990Z] > refreshing access token with scopes: ["email","https://www.googleapis.com/auth/cloud-platform","https://www.googleapis.com/auth/cloudplatformprojects.readonly","https://www.googleapis.com/auth/firebase","openid"]
[debug] [2019-02-12T03:56:33.991Z] >>> HTTP REQUEST POST https://www.googleapis.com/oauth2/v3/token  
 <request body omitted>
[debug] [2019-02-12T03:56:34.900Z] <<< HTTP RESPONSE 200
[debug] [2019-02-12T03:56:34.931Z] >>> HTTP REQUEST GET https://firebase.googleapis.com/v1beta1/projects?page_size=100  
 
[debug] [2019-02-12T03:57:17.180Z] Error: connect ETIMEDOUT 216.58.208.138:443
    at TCPConnectWrap.afterConnect [as oncomplete] (net.js:1113:14)
[error] 
[error] Error: Server Error. connect ETIMEDOUT 216.58.208.138:443
[debug] [2019-02-12T03:58:38.236Z] ----------------------------------------------------------------------
[debug] [2019-02-12T03:58:38.241Z] Command:       C:\Program Files\nodejs\node.exe C:\Users\user\AppData\Roaming\npm\node_modules\firebase-tools\lib\bin\firebase.js init
[debug] [2019-02-12T03:58:38.241Z] CLI Version:   6.3.1
[debug] [2019-02-12T03:58:38.242Z] Platform:      win32
[debug] [2019-02-12T03:58:38.242Z] Node Version:  v10.13.0
[debug] [2019-02-12T03:58:38.243Z] Time:          Tue Feb 12 2019 04:58:38 GMT+0100 (West Africa Standard Time)
[debug] [2019-02-12T03:58:38.243Z] ----------------------------------------------------------------------
[debug] 
[debug] [2019-02-12T03:58:38.256Z] > command requires scopes: ["email","openid","https://www.googleapis.com/auth/cloudplatformprojects.readonly","https://www.googleapis.com/auth/firebase","https://www.googleapis.com/auth/cloud-platform"]
[debug] [2019-02-12T03:58:38.257Z] > authorizing via signed-in user
[info] 
     ######## #### ########  ######## ########     ###     ######  ########
     ##        ##  ##     ## ##       ##     ##  ##   ##  ##       ##
     ######    ##  ########  ######   ########  #########  ######  ######
     ##        ##  ##    ##  ##       ##     ## ##     ##       ## ##
     ##       #### ##     ## ######## ########  ##     ##  ######  ########

You're about to initialize a Firebase project in this directory:

  C:\Users\user\Desktop\HUB\naira-converter

[info] 
=== Project Setup
[info] 
[info] First, let's associate this project directory with a Firebase project.
[info] You can create multiple project aliases by running firebase use --add, 
[info] but for now we'll just set up a default project.
[info] 
[debug] [2019-02-12T03:58:41.868Z] >>> HTTP REQUEST GET https://firebase.googleapis.com/v1beta1/projects?page_size=100  
 
[debug] [2019-02-12T03:59:23.987Z] Error: connect ETIMEDOUT 216.58.208.138:443
    at TCPConnectWrap.afterConnect [as oncomplete] (net.js:1113:14)
[error] 
[error] Error: Server Error. connect ETIMEDOUT 216.58.208.138:443
